<?xml version="1.0" encoding="UTF-8"?>
<testng-results ignored="0" total="1" passed="1" failed="0" skipped="0">
  <reporter-output>
  </reporter-output>
  <suite started-at="2021-08-23T08:37:13Z" name="Suite" finished-at="2021-08-23T08:37:27Z" duration-ms="13911">
    <groups>
    </groups>
    <test started-at="2021-08-23T08:37:13Z" name="Test" finished-at="2021-08-23T08:37:27Z" duration-ms="13911">
      <class name="A1_Day01.TC01_Add_jobs">
        <test-method signature="Add_jobs_Test()[pri:0, instance:A1_Day01.TC01_Add_jobs@d278d2b]" started-at="2021-08-23T08:37:13Z" name="Add_jobs_Test" finished-at="2021-08-23T08:37:27Z" duration-ms="13892" status="PASS">
          <reporter-output>
          </reporter-output>
        </test-method> <!-- Add_jobs_Test -->
      </class> <!-- A1_Day01.TC01_Add_jobs -->
    </test> <!-- Test -->
  </suite> <!-- Suite -->
</testng-results>
