<?xml version="1.0" encoding="UTF-8"?>
<testng-results ignored="0" total="1" passed="1" failed="0" skipped="0">
  <reporter-output>
  </reporter-output>
  <suite started-at="2021-08-09T04:47:16Z" name="Default suite" finished-at="2021-08-09T04:47:33Z" duration-ms="16865">
    <groups>
    </groups>
    <test started-at="2021-08-09T04:47:16Z" name="Default test" finished-at="2021-08-09T04:47:33Z" duration-ms="16865">
      <class name="A1_Day01.TC01_Add_jobs">
        <test-method signature="Add_jobs_Test()[pri:0, instance:A1_Day01.TC01_Add_jobs@3b36e000]" started-at="2021-08-09T04:47:16Z" name="Add_jobs_Test" finished-at="2021-08-09T04:47:33Z" duration-ms="16804" status="PASS">
          <reporter-output>
          </reporter-output>
        </test-method> <!-- Add_jobs_Test -->
      </class> <!-- A1_Day01.TC01_Add_jobs -->
    </test> <!-- Default test -->
  </suite> <!-- Default suite -->
</testng-results>
